<?xml version="1.0" encoding="UTF-8"?><testsuite errors="0" failures="1" name="Ejemplo Login Automatizado" skipped="0" tests="1" time="69.62" timestamp="2024-09-26 03:09:13"><testcase name="Iniciar Sesión"><failure message="Expected enabled element was not enabled" type="net.thucydides.core.webdriver.exceptions.ElementShouldBeEnabledException">Expected enabled element was not enabled</failure><system-err>Expected enabled element was not enabled&#13;
com.choucair.taks.Login.performAs(Login.java:49)&#13;
com.choucair.steps.LoginStep.iniciaSesiónConLosDatosY(LoginStep.java:35)&#13;
cucumber.runner.Runner.runPickle(Runner.java:80)&#13;
worker.org.gradle.process.internal.worker.GradleWorkerMain.run(GradleWorkerMain.java:69)&#13;
worker.org.gradle.process.internal.worker.GradleWorkerMain.main(GradleWorkerMain.java:74)&#13;
</system-err></testcase></testsuite>