<?xml version="1.0" encoding="UTF-8"?><testsuite errors="1" failures="0" name="Ejemplo Login Automatizado" skipped="0" tests="2" time="20.1" timestamp="2024-09-20 04:56:26"><testcase name="Iniciar Sesión"/><testcase name="Crear un nuevo empleado"><error type="java.lang.NullPointerException"/><system-err>null&#13;
com.choucair.steps.CreateStep.elUsuarioIngresaElNombre(CreateStep.java:31)&#13;
cucumber.runner.Runner.runPickle(Runner.java:80)&#13;
worker.org.gradle.process.internal.worker.GradleWorkerMain.run(GradleWorkerMain.java:69)&#13;
worker.org.gradle.process.internal.worker.GradleWorkerMain.main(GradleWorkerMain.java:74)&#13;
</system-err></testcase></testsuite>